<?xml version="1.0" encoding="UTF-8"?>
<testng-results skipped="0" failed="0" ignored="0" total="1" passed="1">
  <reporter-output>
  </reporter-output>
  <suite name="Default suite" duration-ms="57528" started-at="2018-07-07T17:40:26Z" finished-at="2018-07-07T17:41:23Z">
    <groups>
    </groups>
    <test name="Default test" duration-ms="57528" started-at="2018-07-07T17:40:26Z" finished-at="2018-07-07T17:41:23Z">
      <class name="TestCases.RegisterClass">
        <test-method status="PASS" signature="registerSite()[pri:0, instance:TestCases.RegisterClass@7c16905e]" name="registerSite" duration-ms="57465" started-at="2018-07-07T17:40:26Z" finished-at="2018-07-07T17:41:23Z">
          <reporter-output>
          </reporter-output>
        </test-method> <!-- registerSite -->
      </class> <!-- TestCases.RegisterClass -->
    </test> <!-- Default test -->
  </suite> <!-- Default suite -->
</testng-results>
